--------------------------------------------------------------------------------
Release 14.7 Trace  (nt64)
Copyright (c) 1995-2013 Xilinx, Inc.  All rights reserved.

C:\Xilinx\14.7\ISE_DS\ISE\bin\nt64\unwrapped\trce.exe -intstyle ise -v 3 -s 3
-n 3 -fastpaths -xml cronometro.twx cronometro.ncd -o cronometro.twr
cronometro.pcf

Design file:              cronometro.ncd
Physical constraint file: cronometro.pcf
Device,package,speed:     xc6slx16,csg324,C,-3 (PRODUCTION 1.23 2013-10-13)
Report level:             verbose report

Environment Variable      Effect 
--------------------      ------ 
NONE                      No environment variables were set
--------------------------------------------------------------------------------

INFO:Timing:2698 - No timing constraints found, doing default enumeration.
INFO:Timing:3412 - To improve timing, see the Timing Closure User Guide (UG612).
INFO:Timing:2752 - To get complete path coverage, use the unconstrained paths 
   option. All paths that are not constrained will be reported in the 
   unconstrained paths section(s) of the report.
INFO:Timing:3339 - The clock-to-out numbers in this timing report are based on 
   a 50 Ohm transmission line loading model.  For the details of this model, 
   and for more information on accounting for different loading conditions, 
   please see the device datasheet.



Data Sheet report:
-----------------
All values displayed in nanoseconds (ns)

Clock clk to Pad
------------+-----------------+------------+-----------------+------------+------------------+--------+
            |Max (slowest) clk|  Process   |Min (fastest) clk|  Process   |                  | Clock  |
Destination |  (edge) to PAD  |   Corner   |  (edge) to PAD  |   Corner   |Internal Clock(s) | Phase  |
------------+-----------------+------------+-----------------+------------+------------------+--------+
an<0>       |        10.110(R)|      SLOW  |         5.513(R)|      FAST  |clk_BUFGP         |   0.000|
an<1>       |        10.123(R)|      SLOW  |         5.527(R)|      FAST  |clk_BUFGP         |   0.000|
an<2>       |         9.624(R)|      SLOW  |         5.086(R)|      FAST  |clk_BUFGP         |   0.000|
an<3>       |         9.859(R)|      SLOW  |         5.234(R)|      FAST  |clk_BUFGP         |   0.000|
display<1>  |        11.497(R)|      SLOW  |         5.564(R)|      FAST  |clk_BUFGP         |   0.000|
display<2>  |         9.724(R)|      SLOW  |         5.288(R)|      FAST  |clk_BUFGP         |   0.000|
display<3>  |         9.866(R)|      SLOW  |         5.351(R)|      FAST  |clk_BUFGP         |   0.000|
display<4>  |        10.935(R)|      SLOW  |         5.484(R)|      FAST  |clk_BUFGP         |   0.000|
display<5>  |         9.729(R)|      SLOW  |         5.409(R)|      FAST  |clk_BUFGP         |   0.000|
display<6>  |         9.550(R)|      SLOW  |         5.188(R)|      FAST  |clk_BUFGP         |   0.000|
display<7>  |        10.528(R)|      SLOW  |         5.326(R)|      FAST  |clk_BUFGP         |   0.000|
------------+-----------------+------------+-----------------+------------+------------------+--------+

Clock to Setup on destination clock clk
---------------+---------+---------+---------+---------+
               | Src:Rise| Src:Fall| Src:Rise| Src:Fall|
Source Clock   |Dest:Rise|Dest:Rise|Dest:Fall|Dest:Fall|
---------------+---------+---------+---------+---------+
clk            |    4.486|         |         |         |
---------------+---------+---------+---------+---------+


Analysis completed Thu Apr 30 09:55:40 2015 
--------------------------------------------------------------------------------

Trace Settings:
-------------------------
Trace Settings 

Peak Memory Usage: 216 MB



