Release 14.7 - xst P.20131013 (nt64)
Copyright (c) 1995-2013 Xilinx, Inc.  All rights reserved.
--> Parameter TMPDIR set to xst/projnav.tmp


Total REAL time to Xst completion: 0.00 secs
Total CPU time to Xst completion: 0.13 secs
 
--> Parameter xsthdpdir set to xst


Total REAL time to Xst completion: 0.00 secs
Total CPU time to Xst completion: 0.13 secs
 
--> Reading design: Main.prj

TABLE OF CONTENTS
  1) Synthesis Options Summary
  2) HDL Parsing
  3) HDL Elaboration
  4) HDL Synthesis
       4.1) HDL Synthesis Report
  5) Advanced HDL Synthesis
       5.1) Advanced HDL Synthesis Report
  6) Low Level Synthesis
  7) Partition Report
  8) Design Summary
       8.1) Primitive and Black Box Usage
       8.2) Device utilization summary
       8.3) Partition Resource Summary
       8.4) Timing Report
            8.4.1) Clock Information
            8.4.2) Asynchronous Control Signals Information
            8.4.3) Timing Summary
            8.4.4) Timing Details
            8.4.5) Cross Clock Domains Report


=========================================================================
*                      Synthesis Options Summary                        *
=========================================================================
---- Source Parameters
Input File Name                    : "Main.prj"
Ignore Synthesis Constraint File   : NO

---- Target Parameters
Output File Name                   : "Main"
Output Format                      : NGC
Target Device                      : xc6slx16-3-csg324

---- Source Options
Top Module Name                    : Main
Automatic FSM Extraction           : YES
FSM Encoding Algorithm             : Auto
Safe Implementation                : No
FSM Style                          : LUT
RAM Extraction                     : Yes
RAM Style                          : Auto
ROM Extraction                     : Yes
Shift Register Extraction          : YES
ROM Style                          : Auto
Resource Sharing                   : YES
Asynchronous To Synchronous        : NO
Shift Register Minimum Size        : 2
Use DSP Block                      : Auto
Automatic Register Balancing       : No

---- Target Options
LUT Combining                      : Auto
Reduce Control Sets                : Auto
Add IO Buffers                     : YES
Global Maximum Fanout              : 100000
Add Generic Clock Buffer(BUFG)     : 16
Register Duplication               : YES
Optimize Instantiated Primitives   : NO
Use Clock Enable                   : Auto
Use Synchronous Set                : Auto
Use Synchronous Reset              : Auto
Pack IO Registers into IOBs        : Auto
Equivalent register Removal        : YES

---- General Options
Optimization Goal                  : Speed
Optimization Effort                : 1
Power Reduction                    : NO
Keep Hierarchy                     : No
Netlist Hierarchy                  : As_Optimized
RTL Output                         : Yes
Global Optimization                : AllClockNets
Read Cores                         : YES
Write Timing Constraints           : NO
Cross Clock Analysis               : NO
Hierarchy Separator                : /
Bus Delimiter                      : <>
Case Specifier                     : Maintain
Slice Utilization Ratio            : 100
BRAM Utilization Ratio             : 100
DSP48 Utilization Ratio            : 100
Auto BRAM Packing                  : NO
Slice Utilization Ratio Delta      : 5

=========================================================================


=========================================================================
*                          HDL Parsing                                  *
=========================================================================
Parsing VHDL file "C:\Users\Lucas\cronometro\cronometro.vhd" into library work
Parsing entity <Main>.
Parsing architecture <Behavioral> of entity <main>.

=========================================================================
*                            HDL Elaboration                            *
=========================================================================

Elaborating entity <Main> (architecture <Behavioral>) from library <work>.

=========================================================================
*                           HDL Synthesis                               *
=========================================================================

Synthesizing Unit <Main>.
    Related source file is "C:\Users\Lucas\cronometro\cronometro.vhd".
    Found 26-bit register for signal <sec_tick>.
    Found 1-bit register for signal <reg>.
    Found 4-bit register for signal <index>.
    Found 18-bit register for signal <counter>.
    Found 4-bit adder for signal <index[3]_GND_4_o_add_2_OUT> created at line 1241.
    Found 18-bit adder for signal <counter[17]_GND_4_o_add_5_OUT> created at line 1241.
    Found 4-bit adder for signal <index[3]_GND_4_o_add_8_OUT> created at line 1241.
    Found 4-bit subtractor for signal <GND_4_o_GND_4_o_sub_4_OUT<3:0>> created at line 36.
    Found 26-bit subtractor for signal <GND_4_o_GND_4_o_sub_7_OUT<25:0>> created at line 1308.
    Found 4-bit shifter logical left for signal <GND_4_o_counter[17]_shift_left_0_OUT> created at line 35
    Found 16x7-bit Read Only RAM for signal <seg<6:0>>
    Summary:
	inferred   1 RAM(s).
	inferred   5 Adder/Subtractor(s).
	inferred  49 D-type flip-flop(s).
	inferred   1 Combinational logic shifter(s).
Unit <Main> synthesized.

=========================================================================
HDL Synthesis Report

Macro Statistics
# RAMs                                                 : 1
 16x7-bit single-port Read Only RAM                    : 1
# Adders/Subtractors                                   : 5
 18-bit adder                                          : 1
 26-bit subtractor                                     : 1
 4-bit adder                                           : 2
 4-bit subtractor                                      : 1
# Registers                                            : 4
 1-bit register                                        : 1
 18-bit register                                       : 1
 26-bit register                                       : 1
 4-bit register                                        : 1
# Logic shifters                                       : 1
 4-bit shifter logical left                            : 1

=========================================================================

=========================================================================
*                       Advanced HDL Synthesis                          *
=========================================================================


Synthesizing (advanced) Unit <Main>.
The following registers are absorbed into counter <counter>: 1 register on signal <counter>.
The following registers are absorbed into counter <sec_tick>: 1 register on signal <sec_tick>.
The following registers are absorbed into counter <index>: 1 register on signal <index>.
INFO:Xst:3218 - HDL ADVISOR - The RAM <Mram_seg<6:0>> will be implemented on LUTs either because you have described an asynchronous read or because of currently unsupported block RAM features. If you have described an asynchronous read, making it synchronous would allow you to take advantage of available block RAM resources, for optimized device usage and improved timings. Please refer to your documentation for coding guidelines.
    -----------------------------------------------------------------------
    | ram_type           | Distributed                         |          |
    -----------------------------------------------------------------------
    | Port A                                                              |
    |     aspect ratio   | 16-word x 7-bit                     |          |
    |     weA            | connected to signal <GND>           | high     |
    |     addrA          | connected to signal <GND_4_o_GND_4_o_sub_4_OUT> |          |
    |     diA            | connected to signal <GND>           |          |
    |     doA            | connected to signal <seg>           |          |
    -----------------------------------------------------------------------
Unit <Main> synthesized (advanced).

=========================================================================
Advanced HDL Synthesis Report

Macro Statistics
# RAMs                                                 : 1
 16x7-bit single-port distributed Read Only RAM        : 1
# Adders/Subtractors                                   : 2
 4-bit adder                                           : 1
 4-bit subtractor                                      : 1
# Counters                                             : 3
 18-bit up counter                                     : 1
 26-bit down counter                                   : 1
 4-bit up counter                                      : 1
# Registers                                            : 1
 Flip-Flops                                            : 1
# Logic shifters                                       : 1
 4-bit shifter logical left                            : 1

=========================================================================

=========================================================================
*                         Low Level Synthesis                           *
=========================================================================

Optimizing unit <Main> ...

Mapping all equations...
Building and optimizing final netlist ...
Found area constraint ratio of 100 (+ 5) on block Main, actual ratio is 0.

Final Macro Processing ...

=========================================================================
Final Register Report

Macro Statistics
# Registers                                            : 49
 Flip-Flops                                            : 49

=========================================================================

=========================================================================
*                           Partition Report                            *
=========================================================================

Partition Implementation Status
-------------------------------

  No Partitions were found in this design.

-------------------------------

=========================================================================
*                            Design Summary                             *
=========================================================================

Top Level Output File Name         : Main.ngc

Primitive and Black Box Usage:
------------------------------
# BELS                             : 187
#      GND                         : 1
#      INV                         : 26
#      LUT1                        : 18
#      LUT2                        : 32
#      LUT3                        : 1
#      LUT4                        : 3
#      LUT5                        : 1
#      LUT6                        : 18
#      MUXCY                       : 42
#      VCC                         : 1
#      XORCY                       : 44
# FlipFlops/Latches                : 49
#      FD                          : 44
#      FDE                         : 5
# Clock Buffers                    : 1
#      BUFGP                       : 1
# IO Buffers                       : 13
#      OBUF                        : 13

Device utilization summary:
---------------------------

Selected Device : 6slx16csg324-3 


Slice Logic Utilization: 
 Number of Slice Registers:              49  out of  18224     0%  
 Number of Slice LUTs:                   99  out of   9112     1%  
    Number used as Logic:                99  out of   9112     1%  

Slice Logic Distribution: 
 Number of LUT Flip Flop pairs used:     99
   Number with an unused Flip Flop:      50  out of     99    50%  
   Number with an unused LUT:             0  out of     99     0%  
   Number of fully used LUT-FF pairs:    49  out of     99    49%  
   Number of unique control sets:         2

IO Utilization: 
 Number of IOs:                          14
 Number of bonded IOBs:                  14  out of    232     6%  

Specific Feature Utilization:
 Number of BUFG/BUFGCTRLs:                1  out of     16     6%  

---------------------------
Partition Resource Summary:
---------------------------

  No Partitions were found in this design.

---------------------------


=========================================================================
Timing Report

NOTE: THESE TIMING NUMBERS ARE ONLY A SYNTHESIS ESTIMATE.
      FOR ACCURATE TIMING INFORMATION PLEASE REFER TO THE TRACE REPORT
      GENERATED AFTER PLACE-and-ROUTE.

Clock Information:
------------------
-----------------------------------+------------------------+-------+
Clock Signal                       | Clock buffer(FF name)  | Load  |
-----------------------------------+------------------------+-------+
clk                                | BUFGP                  | 49    |
-----------------------------------+------------------------+-------+

Asynchronous Control Signals Information:
----------------------------------------
No asynchronous control signals found in this design

Timing Summary:
---------------
Speed Grade: -3

   Minimum period: 4.120ns (Maximum Frequency: 242.718MHz)
   Minimum input arrival time before clock: No path found
   Maximum output required time after clock: 6.321ns
   Maximum combinational path delay: No path found

Timing Details:
---------------
All values displayed in nanoseconds (ns)

=========================================================================
Timing constraint: Default period analysis for Clock 'clk'
  Clock period: 4.120ns (frequency: 242.718MHz)
  Total number of paths / destination ports: 1339 / 54
-------------------------------------------------------------------------
Delay:               4.120ns (Levels of Logic = 3)
  Source:            sec_tick_19 (FF)
  Destination:       sec_tick_0 (FF)
  Source Clock:      clk rising
  Destination Clock: clk rising

  Data Path: sec_tick_19 to sec_tick_0
                                Gate     Net
    Cell:in->out      fanout   Delay   Delay  Logical Name (Net Name)
    ----------------------------------------  ------------
     FD:C->Q               2   0.447   0.981  sec_tick_19 (sec_tick_19)
     LUT6:I0->O            7   0.203   1.021  sec_tick[25]_GND_4_o_equal_8_o<25>4 (sec_tick[25]_GND_4_o_equal_8_o<25>3)
     LUT6:I2->O           14   0.203   0.958  sec_tick[25]_GND_4_o_equal_8_o<25>5 (sec_tick[25]_GND_4_o_equal_8_o)
     LUT2:I1->O            1   0.205   0.000  sec_tick_10_rstpot (sec_tick_10_rstpot)
     FD:D                      0.102          sec_tick_10
    ----------------------------------------
    Total                      4.120ns (1.160ns logic, 2.960ns route)
                                       (28.2% logic, 71.8% route)

=========================================================================
Timing constraint: Default OFFSET OUT AFTER for Clock 'clk'
  Total number of paths / destination ports: 108 / 12
-------------------------------------------------------------------------
Offset:              6.321ns (Levels of Logic = 3)
  Source:            counter_16 (FF)
  Destination:       seg<6> (PAD)
  Source Clock:      clk rising

  Data Path: counter_16 to seg<6>
                                Gate     Net
    Cell:in->out      fanout   Delay   Delay  Logical Name (Net Name)
    ----------------------------------------  ------------
     FD:C->Q              13   0.447   1.180  counter_16 (counter_16)
     LUT4:I0->O            7   0.203   1.138  Msub_GND_4_o_GND_4_o_sub_4_OUT<3:0>_lut<0>11 (Msub_GND_4_o_GND_4_o_sub_4_OUT<3:0>_lut<0>1)
     LUT6:I0->O            1   0.203   0.579  Mram_seg<6:0>111 (seg_1_OBUF)
     OBUF:I->O                 2.571          seg_1_OBUF (seg<1>)
    ----------------------------------------
    Total                      6.321ns (3.424ns logic, 2.897ns route)
                                       (54.2% logic, 45.8% route)

=========================================================================

Cross Clock Domains Report:
--------------------------

Clock to Setup on destination clock clk
---------------+---------+---------+---------+---------+
               | Src:Rise| Src:Fall| Src:Rise| Src:Fall|
Source Clock   |Dest:Rise|Dest:Rise|Dest:Fall|Dest:Fall|
---------------+---------+---------+---------+---------+
clk            |    4.120|         |         |         |
---------------+---------+---------+---------+---------+

=========================================================================


Total REAL time to Xst completion: 9.00 secs
Total CPU time to Xst completion: 8.45 secs
 
--> 

Total memory usage is 234016 kilobytes

Number of errors   :    0 (   0 filtered)
Number of warnings :    0 (   0 filtered)
Number of infos    :    1 (   0 filtered)

